Exporter version: 6.4.5, Blender version: 2.90.1
========= Conversion from Blender to Babylon.js =========
	Scene settings used :
		Inline textures     :  false
		Material Type       :  PBR
		Positions Precision :  4
		Normals Precision   :  3
		UVs Precision       :  3
		Vert Color Precision:  3
		Mat Weight Precision:  2
		Keep Z-up r-handed  :  no
		Texture directory   :  C:\dev\src\3ddoodle-api\public\models\
	Python World class constructor completed
	processing begun of camera (UniversalCamera):  Camera
	processing begun of mesh:  birch
		processing begun of material:  Leaves
		processing begun of material:  Branches
		processing begun of material:  Trunk
			processing texture trunk
				texture type:  diffuseTexture, mapped using: "UVMap"
		processing begun of multimaterial:  birch15m.Multimaterial#0
		num positions      :  14228
		num normals        :  14228
		num tangents       :  0
		num uvs            :  28456
		num uvs2           :  0
		num colors         :  0
		num triangles      :  6285
		WARNING: # of 0 area faces found:  101
	processing begun of light (POINT):  Light
========= Writing of JSON file started =========
	writing mesh:  birch
========= Writing of JSON file completed =========
========= end of processing =========
elapsed time:  0 min, 0.4394 secs
