Exporter version: 6.4.5, Blender version: 2.90.1
========= Conversion from Blender to Babylon.js =========
	Scene settings used :
		Inline textures     :  false
		Material Type       :  PBR
		Positions Precision :  4
		Normals Precision   :  3
		UVs Precision       :  3
		Vert Color Precision:  3
		Mat Weight Precision:  2
		Keep Z-up r-handed  :  no
		Texture directory   :  C:\dev\src\3ddoodle-api\public\models\
	Python World class constructor completed
	processing begun of camera (UniversalCamera):  Camera
	processing begun of mesh:  blackTupelo
		processing begun of material:  trunk
		processing begun of material:  stems_1
		processing begun of material:  stems_2
		processing begun of material:  stems_3
		processing begun of material:  leaves
		processing begun of multimaterial:  gumtree15m.Multimaterial#0
		num positions      :  157657
		num normals        :  157657
		num tangents       :  0
		num uvs            :  0
		num uvs2           :  0
		num colors         :  0
		num triangles      :  135645
		WARNING: # of 0 area faces found:  2
	processing begun of light (POINT):  Light
========= Writing of JSON file started =========
	writing mesh:  blackTupelo
========= Writing of JSON file completed =========
========= end of processing =========
elapsed time:  0 min, 8.2094 secs
