Exporter version: 6.4.3, Blender version: 2.83.3
========= Conversion from Blender to Babylon.js =========
	Scene settings used :
		Inline textures     :  false
		Material Type       :  PBR
		Positions Precision :  4
		Normals Precision   :  3
		UVs Precision       :  3
		Vert Color Precision:  3
		Mat Weight Precision:  2
		Keep Z-up r-handed  :  no
		Texture directory   :  C:\dev\src\3ddoodle-api\public\models\gazebo\
	Python World class constructor completed
	processing begun of camera (UniversalCamera):  Camera
	processing begun of mesh:  Cube.002
		processing begun of material:  aluminum
		processing begun of material:  blackplastic
		processing begun of material:  whitefabric
		processing begun of multimaterial:  gazebo.Multimaterial#0
		num positions      :  2058
		num normals        :  2058
		num tangents       :  8232
		num uvs            :  0
		num uvs2           :  0
		num colors         :  0
		num triangles      :  926
	processing begun of mesh:  Plane
		processing begun of material:  Material.001
		num positions      :  4
		num normals        :  4
		num tangents       :  0
		num uvs            :  8
		num uvs2           :  0
		num colors         :  0
		num triangles      :  2
	processing begun of light (HEMI FROM AREA):  Light
========= Writing of JSON file started =========
	writing mesh:  Cube.002
	writing mesh:  Plane
========= Writing of JSON file completed =========
========= end of processing =========
elapsed time:  0 min, 0.4959 secs
