Exporter version: 6.4.3, Blender version: 2.83.3
========= Conversion from Blender to Babylon.js =========
	Scene settings used :
		Inline textures     :  true
		Material Type       :  STD
		Positions Precision :  4
		Normals Precision   :  3
		UVs Precision       :  3
		Vert Color Precision:  3
		Mat Weight Precision:  2
		Keep Z-up r-handed  :  no
	Python World class constructor completed
	processing begun of camera (UniversalCamera):  Camera
	processing begun of mesh:  ChidHut
		processing begun of material:  red
		processing begun of material:  grey2
		processing begun of material:  wood2
		processing begun of material:  wood1
			processing texture image2
				texture type:  diffuseTexture, mapped using: "UVMap"
			processing texture image1
				texture type:  diffuseTexture, mapped using: "UVMap"
		processing begun of multimaterial:  child_slide.Multimaterial#0
		num positions      :  6137
		num normals        :  6137
		num tangents       :  0
		num uvs            :  12274
		num uvs2           :  0
		num colors         :  0
		num triangles      :  5468
	processing begun of light (POINT):  Light
========= Writing of JSON file started =========
	writing mesh:  ChidHut
========= Writing of JSON file completed =========
========= end of processing =========
elapsed time:  0 min, 0.7265 secs
