Exporter version: 6.4.3, Blender version: 2.83.3
========= Conversion from Blender to Babylon.js =========
	Scene settings used :
		Inline textures     :  true
		Material Type       :  PBR
		Positions Precision :  4
		Normals Precision   :  3
		UVs Precision       :  3
		Vert Color Precision:  3
		Mat Weight Precision:  2
		Keep Z-up r-handed  :  no
	Python World class constructor completed
	processing begun of camera (UniversalCamera):  Camera
	processing begun of mesh:  Tree3DMesh
		processing begun of material:  Default OBJ
		num positions      :  3497
		num normals        :  3497
		num tangents       :  0
		num uvs            :  0
		num uvs2           :  0
		num colors         :  0
		num triangles      :  1171
========= Writing of JSON file started =========
	writing mesh:  Tree3DMesh
========= Writing of JSON file completed =========
========= end of processing =========
elapsed time:  0 min, 0.5239 secs
