Exporter version: 6.4.3, Blender version: 2.83.3
========= Conversion from Blender to Babylon.js =========
	Scene settings used :
		Inline textures     :  true
		Material Type       :  PBR
		Positions Precision :  4
		Normals Precision   :  3
		UVs Precision       :  3
		Vert Color Precision:  3
		Mat Weight Precision:  2
		Keep Z-up r-handed  :  no
	Python World class constructor completed
	processing begun of camera (UniversalCamera):  Camera
	processing begun of mesh:  red
		processing begun of material:  redrobin.material.02
		processing begun of material:  redrobin-material.01
		processing begun of multimaterial:  redrobin.Multimaterial#0
		num positions      :  2692
		num normals        :  2692
		num tangents       :  0
		num uvs            :  0
		num uvs2           :  0
		num colors         :  0
		num triangles      :  902
	processing begun of light (DIRECTIONAL):  Light
========= Writing of JSON file started =========
	writing mesh:  red
========= Writing of JSON file completed =========
========= end of processing =========
elapsed time:  0 min, 0.288 secs
