Exporter version: 6.4.3, Blender version: 2.83.3
========= Conversion from Blender to Babylon.js =========
	Scene settings used :
		Inline textures     :  true
		Material Type       :  PBR
		Positions Precision :  4
		Normals Precision   :  3
		UVs Precision       :  3
		Vert Color Precision:  3
		Mat Weight Precision:  2
		Keep Z-up r-handed  :  no
	Python World class constructor completed
	processing begun of mesh:  Tree3DMesh
		processing begun of material:  Material.002
		processing begun of material:  Material.003
		processing begun of multimaterial:  italian_cypress.Multimaterial#0
		num positions      :  6611
		num normals        :  6611
		num tangents       :  0
		num uvs            :  0
		num uvs2           :  0
		num colors         :  0
		num triangles      :  2213
	processing begun of camera (UniversalCamera):  Camera
	processing begun of light (POINT):  Light
========= Writing of JSON file started =========
	writing mesh:  Tree3DMesh
========= Writing of JSON file completed =========
========= end of processing =========
elapsed time:  0 min, 1.789 secs
