Exporter version: 6.4.3, Blender version: 2.83.3
========= Conversion from Blender to Babylon.js =========
	Scene settings used :
		Inline textures     :  true
		Material Type       :  PBR
		Positions Precision :  4
		Normals Precision   :  3
		UVs Precision       :  3
		Vert Color Precision:  3
		Mat Weight Precision:  2
		Keep Z-up r-handed  :  no
	Python World class constructor completed
	processing begun of mesh:  fixedpart-lock_Cube.007
		processing begun of material:  metalLock
		processing begun of material:  yellowmetal
		processing begun of material:  wood
		processing begun of material:  topblack
		processing begun of material:  base
			processing texture gardenHutTexture
				texture type:  diffuseTexture, mapped using: "UVMap"
		processing begun of multimaterial:  hut2.Multimaterial#0
		Custom split normals with tangents being used
		num positions      :  1857
		num normals        :  1857
		num tangents       :  7428
		num uvs            :  3714
		num uvs2           :  0
		num colors         :  0
		num triangles      :  1364
	processing begun of camera (UniversalCamera):  Camera
	processing begun of light (POINT):  Light
========= Writing of JSON file started =========
	writing mesh:  fixedpart-lock_Cube.007
========= Writing of JSON file completed =========
========= end of processing =========
elapsed time:  0 min, 0.8009 secs
